<?xml version="1.0" encoding="UTF-8"?>
<!-- Generated by org.testng.reporters.JUnitXMLReporter -->
<testsuite ignored="0" hostname="DESKTOP-HTNABHM" failures="0" tests="3" name="Default test" time="244.09" errors="0" timestamp="2020-11-13T19:58:24 PST">
  <testcase classname="com.wwi.qa.testcases.LocationPageTest" name="verifyLocationTitleEqualsSearchResultTest" time="2.451"/>
  <testcase classname="com.wwi.qa.testcases.LocationPageTest" name="verifyTodaysHourTest" time="0.767"/>
  <testcase classname="com.wwi.qa.testcases.LocationPageTest" name="printMeeting" time="20.009"/>
</testsuite> <!-- Default test -->
