<?xml version="1.0" encoding="UTF-8"?>
<testng-results ignored="0" total="3" passed="3" failed="0" skipped="0">
  <reporter-output>
  </reporter-output>
  <suite started-at="2020-11-13T19:54:20 PST" name="Default suite" finished-at="2020-11-13T19:58:24 PST" duration-ms="244090">
    <groups>
    </groups>
    <test started-at="2020-11-13T19:54:20 PST" name="Default test" finished-at="2020-11-13T19:58:24 PST" duration-ms="244090">
      <class name="com.wwi.qa.testcases.LocationPageTest">
        <test-method is-config="true" signature="setUp()[pri:0, instance:com.wwi.qa.testcases.LocationPageTest@45018215]" started-at="2020-11-13T19:54:20 PST" name="setUp" finished-at="2020-11-13T19:55:34 PST" duration-ms="74017" status="PASS">
          <reporter-output>
          </reporter-output>
        </test-method> <!-- setUp -->
        <test-method signature="verifyLocationTitleEqualsSearchResultTest()[pri:1, instance:com.wwi.qa.testcases.LocationPageTest@45018215]" started-at="2020-11-13T19:55:34 PST" name="verifyLocationTitleEqualsSearchResultTest" finished-at="2020-11-13T19:55:36 PST" duration-ms="2451" status="PASS">
          <reporter-output>
          </reporter-output>
        </test-method> <!-- verifyLocationTitleEqualsSearchResultTest -->
        <test-method is-config="true" signature="tear()[pri:0, instance:com.wwi.qa.testcases.LocationPageTest@45018215]" started-at="2020-11-13T19:55:36 PST" name="tear" finished-at="2020-11-13T19:55:37 PST" duration-ms="661" status="PASS">
          <reporter-output>
          </reporter-output>
        </test-method> <!-- tear -->
        <test-method is-config="true" signature="setUp()[pri:0, instance:com.wwi.qa.testcases.LocationPageTest@45018215]" started-at="2020-11-13T19:55:37 PST" name="setUp" finished-at="2020-11-13T19:56:50 PST" duration-ms="72999" status="PASS">
          <reporter-output>
          </reporter-output>
        </test-method> <!-- setUp -->
        <test-method signature="verifyTodaysHourTest()[pri:2, instance:com.wwi.qa.testcases.LocationPageTest@45018215]" started-at="2020-11-13T19:56:50 PST" name="verifyTodaysHourTest" finished-at="2020-11-13T19:56:50 PST" duration-ms="767" status="PASS">
          <reporter-output>
          </reporter-output>
        </test-method> <!-- verifyTodaysHourTest -->
        <test-method is-config="true" signature="tear()[pri:0, instance:com.wwi.qa.testcases.LocationPageTest@45018215]" started-at="2020-11-13T19:56:50 PST" name="tear" finished-at="2020-11-13T19:56:51 PST" duration-ms="710" status="PASS">
          <reporter-output>
          </reporter-output>
        </test-method> <!-- tear -->
        <test-method is-config="true" signature="setUp()[pri:0, instance:com.wwi.qa.testcases.LocationPageTest@45018215]" started-at="2020-11-13T19:56:51 PST" name="setUp" finished-at="2020-11-13T19:58:03 PST" duration-ms="71773" status="PASS">
          <reporter-output>
          </reporter-output>
        </test-method> <!-- setUp -->
        <test-method signature="printMeeting()[pri:3, instance:com.wwi.qa.testcases.LocationPageTest@45018215]" started-at="2020-11-13T19:58:03 PST" name="printMeeting" finished-at="2020-11-13T19:58:23 PST" duration-ms="20009" status="PASS">
          <reporter-output>
          </reporter-output>
        </test-method> <!-- printMeeting -->
        <test-method is-config="true" signature="tear()[pri:0, instance:com.wwi.qa.testcases.LocationPageTest@45018215]" started-at="2020-11-13T19:58:23 PST" name="tear" finished-at="2020-11-13T19:58:24 PST" duration-ms="656" status="PASS">
          <reporter-output>
          </reporter-output>
        </test-method> <!-- tear -->
      </class> <!-- com.wwi.qa.testcases.LocationPageTest -->
    </test> <!-- Default test -->
  </suite> <!-- Default suite -->
</testng-results>
